[debug] [2024-12-22T15:02:11.933Z] ----------------------------------------------------------------------
[debug] [2024-12-22T15:02:11.936Z] Command:       /Users/paloma/.nvm/versions/node/v22.11.0/bin/node /Users/paloma/.nvm/versions/node/v22.11.0/bin/firebase deploy --only functions
[debug] [2024-12-22T15:02:11.937Z] CLI Version:   13.28.0
[debug] [2024-12-22T15:02:11.937Z] Platform:      darwin
[debug] [2024-12-22T15:02:11.937Z] Node Version:  v22.11.0
[debug] [2024-12-22T15:02:11.937Z] Time:          Sun Dec 22 2024 12:02:11 GMT-0300 (Hora padrão de Brasília)
[debug] [2024-12-22T15:02:11.937Z] ----------------------------------------------------------------------
[debug] 
[debug] [2024-12-22T15:02:12.010Z] > command requires scopes: ["email","openid","https://www.googleapis.com/auth/cloudplatformprojects.readonly","https://www.googleapis.com/auth/firebase","https://www.googleapis.com/auth/cloud-platform"]
[debug] [2024-12-22T15:02:12.010Z] > authorizing via signed-in user (paloma.prates108@gmail.com)
[debug] [2024-12-22T15:02:12.010Z] [iam] checking project meu-novo-emprego-c2388 for permissions ["cloudfunctions.functions.create","cloudfunctions.functions.delete","cloudfunctions.functions.get","cloudfunctions.functions.list","cloudfunctions.functions.update","cloudfunctions.operations.get","firebase.projects.get"]
[debug] [2024-12-22T15:02:12.011Z] Checked if tokens are valid: true, expires at: 1734882189567
[debug] [2024-12-22T15:02:12.012Z] Checked if tokens are valid: true, expires at: 1734882189567
[debug] [2024-12-22T15:02:12.013Z] >>> [apiv2][query] POST https://cloudresourcemanager.googleapis.com/v1/projects/meu-novo-emprego-c2388:testIamPermissions [none]
[debug] [2024-12-22T15:02:12.013Z] >>> [apiv2][(partial)header] POST https://cloudresourcemanager.googleapis.com/v1/projects/meu-novo-emprego-c2388:testIamPermissions x-goog-quota-user=projects/meu-novo-emprego-c2388
[debug] [2024-12-22T15:02:12.013Z] >>> [apiv2][body] POST https://cloudresourcemanager.googleapis.com/v1/projects/meu-novo-emprego-c2388:testIamPermissions {"permissions":["cloudfunctions.functions.create","cloudfunctions.functions.delete","cloudfunctions.functions.get","cloudfunctions.functions.list","cloudfunctions.functions.update","cloudfunctions.operations.get","firebase.projects.get"]}
[debug] [2024-12-22T15:02:13.024Z] <<< [apiv2][status] POST https://cloudresourcemanager.googleapis.com/v1/projects/meu-novo-emprego-c2388:testIamPermissions 200
[debug] [2024-12-22T15:02:13.024Z] <<< [apiv2][body] POST https://cloudresourcemanager.googleapis.com/v1/projects/meu-novo-emprego-c2388:testIamPermissions {"permissions":["cloudfunctions.functions.create","cloudfunctions.functions.delete","cloudfunctions.functions.get","cloudfunctions.functions.list","cloudfunctions.functions.update","cloudfunctions.operations.get","firebase.projects.get"]}
[debug] [2024-12-22T15:02:13.025Z] Checked if tokens are valid: true, expires at: 1734882189567
[debug] [2024-12-22T15:02:13.025Z] Checked if tokens are valid: true, expires at: 1734882189567
[debug] [2024-12-22T15:02:13.026Z] >>> [apiv2][query] POST https://iam.googleapis.com/v1/projects/meu-novo-emprego-c2388/serviceAccounts/meu-novo-emprego-c2388@appspot.gserviceaccount.com:testIamPermissions [none]
[debug] [2024-12-22T15:02:13.026Z] >>> [apiv2][body] POST https://iam.googleapis.com/v1/projects/meu-novo-emprego-c2388/serviceAccounts/meu-novo-emprego-c2388@appspot.gserviceaccount.com:testIamPermissions {"permissions":["iam.serviceAccounts.actAs"]}
[debug] [2024-12-22T15:02:13.973Z] <<< [apiv2][status] POST https://iam.googleapis.com/v1/projects/meu-novo-emprego-c2388/serviceAccounts/meu-novo-emprego-c2388@appspot.gserviceaccount.com:testIamPermissions 200
[debug] [2024-12-22T15:02:13.973Z] <<< [apiv2][body] POST https://iam.googleapis.com/v1/projects/meu-novo-emprego-c2388/serviceAccounts/meu-novo-emprego-c2388@appspot.gserviceaccount.com:testIamPermissions {"permissions":["iam.serviceAccounts.actAs"]}
[info] 
[info] === Deploying to 'meu-novo-emprego-c2388'...
[info] 
[info] i  deploying functions 
[info] Running command: npm --prefix "$RESOURCE_DIR" run build
[info] ✔  functions: Finished running predeploy script. 
[debug] [2024-12-22T15:02:24.935Z] Checked if tokens are valid: true, expires at: 1734882189567
[debug] [2024-12-22T15:02:24.935Z] Checked if tokens are valid: true, expires at: 1734882189567
[debug] [2024-12-22T15:02:24.935Z] >>> [apiv2][query] GET https://cloudresourcemanager.googleapis.com/v1/projects/meu-novo-emprego-c2388 [none]
[debug] [2024-12-22T15:02:25.848Z] <<< [apiv2][status] GET https://cloudresourcemanager.googleapis.com/v1/projects/meu-novo-emprego-c2388 200
[debug] [2024-12-22T15:02:25.848Z] <<< [apiv2][body] GET https://cloudresourcemanager.googleapis.com/v1/projects/meu-novo-emprego-c2388 {"projectNumber":"540218137012","projectId":"meu-novo-emprego-c2388","lifecycleState":"ACTIVE","name":"meu novo emprego","labels":{"firebase":"enabled","firebase-core":"disabled"},"createTime":"2024-12-09T14:30:28.236226Z"}
[info] i  functions: preparing codebase default for deployment 
[info] i  functions: ensuring required API cloudfunctions.googleapis.com is enabled... 
[debug] [2024-12-22T15:02:25.849Z] Checked if tokens are valid: true, expires at: 1734882189567
[debug] [2024-12-22T15:02:25.850Z] Checked if tokens are valid: true, expires at: 1734882189567
[debug] [2024-12-22T15:02:25.850Z] Checked if tokens are valid: true, expires at: 1734882189567
[debug] [2024-12-22T15:02:25.850Z] Checked if tokens are valid: true, expires at: 1734882189567
[info] i  functions: ensuring required API cloudbuild.googleapis.com is enabled... 
[debug] [2024-12-22T15:02:25.850Z] Checked if tokens are valid: true, expires at: 1734882189567
[debug] [2024-12-22T15:02:25.850Z] Checked if tokens are valid: true, expires at: 1734882189567
[info] i  artifactregistry: ensuring required API artifactregistry.googleapis.com is enabled... 
[debug] [2024-12-22T15:02:25.850Z] Checked if tokens are valid: true, expires at: 1734882189567
[debug] [2024-12-22T15:02:25.850Z] Checked if tokens are valid: true, expires at: 1734882189567
[debug] [2024-12-22T15:02:25.851Z] >>> [apiv2][query] GET https://serviceusage.googleapis.com/v1/projects/meu-novo-emprego-c2388/services/cloudfunctions.googleapis.com [none]
[debug] [2024-12-22T15:02:25.851Z] >>> [apiv2][(partial)header] GET https://serviceusage.googleapis.com/v1/projects/meu-novo-emprego-c2388/services/cloudfunctions.googleapis.com x-goog-quota-user=projects/meu-novo-emprego-c2388
[debug] [2024-12-22T15:02:25.852Z] >>> [apiv2][query] GET https://serviceusage.googleapis.com/v1/projects/meu-novo-emprego-c2388/services/runtimeconfig.googleapis.com [none]
[debug] [2024-12-22T15:02:25.852Z] >>> [apiv2][(partial)header] GET https://serviceusage.googleapis.com/v1/projects/meu-novo-emprego-c2388/services/runtimeconfig.googleapis.com x-goog-quota-user=projects/meu-novo-emprego-c2388
[debug] [2024-12-22T15:02:25.854Z] >>> [apiv2][query] GET https://serviceusage.googleapis.com/v1/projects/meu-novo-emprego-c2388/services/cloudbuild.googleapis.com [none]
[debug] [2024-12-22T15:02:25.854Z] >>> [apiv2][(partial)header] GET https://serviceusage.googleapis.com/v1/projects/meu-novo-emprego-c2388/services/cloudbuild.googleapis.com x-goog-quota-user=projects/meu-novo-emprego-c2388
[debug] [2024-12-22T15:02:25.856Z] >>> [apiv2][query] GET https://serviceusage.googleapis.com/v1/projects/meu-novo-emprego-c2388/services/artifactregistry.googleapis.com [none]
[debug] [2024-12-22T15:02:25.856Z] >>> [apiv2][(partial)header] GET https://serviceusage.googleapis.com/v1/projects/meu-novo-emprego-c2388/services/artifactregistry.googleapis.com x-goog-quota-user=projects/meu-novo-emprego-c2388
[debug] [2024-12-22T15:02:26.932Z] <<< [apiv2][status] GET https://serviceusage.googleapis.com/v1/projects/meu-novo-emprego-c2388/services/runtimeconfig.googleapis.com 200
[debug] [2024-12-22T15:02:26.932Z] <<< [apiv2][body] GET https://serviceusage.googleapis.com/v1/projects/meu-novo-emprego-c2388/services/runtimeconfig.googleapis.com [omitted]
[debug] [2024-12-22T15:02:26.933Z] <<< [apiv2][status] GET https://serviceusage.googleapis.com/v1/projects/meu-novo-emprego-c2388/services/cloudfunctions.googleapis.com 200
[debug] [2024-12-22T15:02:26.933Z] <<< [apiv2][body] GET https://serviceusage.googleapis.com/v1/projects/meu-novo-emprego-c2388/services/cloudfunctions.googleapis.com [omitted]
[info] ✔  functions: required API cloudfunctions.googleapis.com is enabled 
[debug] [2024-12-22T15:02:26.935Z] <<< [apiv2][status] GET https://serviceusage.googleapis.com/v1/projects/meu-novo-emprego-c2388/services/cloudbuild.googleapis.com 200
[debug] [2024-12-22T15:02:26.935Z] <<< [apiv2][body] GET https://serviceusage.googleapis.com/v1/projects/meu-novo-emprego-c2388/services/cloudbuild.googleapis.com [omitted]
[info] ✔  functions: required API cloudbuild.googleapis.com is enabled 
[debug] [2024-12-22T15:02:26.945Z] <<< [apiv2][status] GET https://serviceusage.googleapis.com/v1/projects/meu-novo-emprego-c2388/services/artifactregistry.googleapis.com 200
[debug] [2024-12-22T15:02:26.946Z] <<< [apiv2][body] GET https://serviceusage.googleapis.com/v1/projects/meu-novo-emprego-c2388/services/artifactregistry.googleapis.com [omitted]
[info] ✔  artifactregistry: required API artifactregistry.googleapis.com is enabled 
[debug] [2024-12-22T15:02:26.946Z] Checked if tokens are valid: true, expires at: 1734882189567
[debug] [2024-12-22T15:02:26.946Z] Checked if tokens are valid: true, expires at: 1734882189567
[debug] [2024-12-22T15:02:26.946Z] >>> [apiv2][query] GET https://firebase.googleapis.com/v1beta1/projects/meu-novo-emprego-c2388/adminSdkConfig [none]
[debug] [2024-12-22T15:02:27.601Z] <<< [apiv2][status] GET https://firebase.googleapis.com/v1beta1/projects/meu-novo-emprego-c2388/adminSdkConfig 200
[debug] [2024-12-22T15:02:27.603Z] <<< [apiv2][body] GET https://firebase.googleapis.com/v1beta1/projects/meu-novo-emprego-c2388/adminSdkConfig {"projectId":"meu-novo-emprego-c2388","storageBucket":"meu-novo-emprego-c2388.firebasestorage.app"}
[debug] [2024-12-22T15:02:27.603Z] Checked if tokens are valid: true, expires at: 1734882189567
[debug] [2024-12-22T15:02:27.604Z] Checked if tokens are valid: true, expires at: 1734882189567
[debug] [2024-12-22T15:02:27.604Z] >>> [apiv2][query] GET https://runtimeconfig.googleapis.com/v1beta1/projects/meu-novo-emprego-c2388/configs [none]
[debug] [2024-12-22T15:02:28.750Z] <<< [apiv2][status] GET https://runtimeconfig.googleapis.com/v1beta1/projects/meu-novo-emprego-c2388/configs 200
[debug] [2024-12-22T15:02:28.750Z] <<< [apiv2][body] GET https://runtimeconfig.googleapis.com/v1beta1/projects/meu-novo-emprego-c2388/configs {}
[debug] [2024-12-22T15:02:28.751Z] Validating nodejs source
[debug] [2024-12-22T15:02:29.488Z] > [functions] package.json contents: {
  "name": "functions",
  "scripts": {
    "build": "tsc",
    "build:watch": "tsc --watch",
    "serve": "npm run build && firebase emulators:start --only functions",
    "shell": "npm run build && firebase functions:shell",
    "start": "npm run shell",
    "deploy": "firebase deploy --only functions",
    "logs": "firebase functions:log"
  },
  "engines": {
    "node": "18"
  },
  "main": "./lib/functions/src/index.js",
  "dependencies": {
    "axios": "^1.7.9",
    "cheerio": "^1.0.0",
    "firebase-admin": "^13.0.2",
    "firebase-functions": "^6.2.0",
    "iconv-lite": "^0.6.3"
  },
  "devDependencies": {
    "firebase-functions-test": "^3.1.0",
    "typescript": "^5.7.2"
  },
  "private": true
}
[debug] [2024-12-22T15:02:29.489Z] Building nodejs source
[info] i  functions: Loading and analyzing source code for codebase default to determine what to deploy 
[debug] [2024-12-22T15:02:29.491Z] Could not find functions.yaml. Must use http discovery
[debug] [2024-12-22T15:02:29.503Z] Found firebase-functions binary at '/Users/paloma/Documents/teste_projeto/functions/node_modules/.bin/firebase-functions'
[info] Serving at port 8749

[error] (node:50944) [DEP0040] DeprecationWarning: The `punycode` module is deprecated. Please use a userland alternative instead.
(Use `node --trace-deprecation ...` to show where the warning was created)

[debug] [2024-12-22T15:02:30.176Z] Got response from /__/functions.yaml {"endpoints":{"periodicOlx":{"availableMemoryMb":1024,"timeoutSeconds":540,"minInstances":null,"maxInstances":null,"ingressSettings":null,"concurrency":null,"serviceAccountEmail":null,"vpc":null,"platform":"gcfv2","labels":{},"scheduleTrigger":{"schedule":"every 24 hours","retryConfig":{}},"entryPoint":"periodicOlx"}},"specVersion":"v1alpha1","requiredAPIs":[{"api":"cloudscheduler.googleapis.com","reason":"Needed for scheduled functions."}],"extensions":{}}
[info] i  extensions: ensuring required API firebaseextensions.googleapis.com is enabled... 
[debug] [2024-12-22T15:02:34.206Z] Checked if tokens are valid: true, expires at: 1734882189567
[debug] [2024-12-22T15:02:34.206Z] Checked if tokens are valid: true, expires at: 1734882189567
[debug] [2024-12-22T15:02:34.207Z] >>> [apiv2][query] GET https://serviceusage.googleapis.com/v1/projects/meu-novo-emprego-c2388/services/firebaseextensions.googleapis.com [none]
[debug] [2024-12-22T15:02:34.207Z] >>> [apiv2][(partial)header] GET https://serviceusage.googleapis.com/v1/projects/meu-novo-emprego-c2388/services/firebaseextensions.googleapis.com x-goog-quota-user=projects/meu-novo-emprego-c2388
[debug] [2024-12-22T15:02:35.186Z] <<< [apiv2][status] GET https://serviceusage.googleapis.com/v1/projects/meu-novo-emprego-c2388/services/firebaseextensions.googleapis.com 200
[debug] [2024-12-22T15:02:35.187Z] <<< [apiv2][body] GET https://serviceusage.googleapis.com/v1/projects/meu-novo-emprego-c2388/services/firebaseextensions.googleapis.com [omitted]
[info] ✔  extensions: required API firebaseextensions.googleapis.com is enabled 
[debug] [2024-12-22T15:02:35.187Z] > command requires scopes: ["email","openid","https://www.googleapis.com/auth/cloudplatformprojects.readonly","https://www.googleapis.com/auth/firebase","https://www.googleapis.com/auth/cloud-platform"]
[debug] [2024-12-22T15:02:35.188Z] > authorizing via signed-in user (paloma.prates108@gmail.com)
[debug] [2024-12-22T15:02:35.188Z] [iam] checking project meu-novo-emprego-c2388 for permissions ["firebase.projects.get","firebaseextensions.instances.list"]
[debug] [2024-12-22T15:02:35.188Z] Checked if tokens are valid: true, expires at: 1734882189567
[debug] [2024-12-22T15:02:35.188Z] Checked if tokens are valid: true, expires at: 1734882189567
[debug] [2024-12-22T15:02:35.188Z] >>> [apiv2][query] POST https://cloudresourcemanager.googleapis.com/v1/projects/meu-novo-emprego-c2388:testIamPermissions [none]
[debug] [2024-12-22T15:02:35.188Z] >>> [apiv2][(partial)header] POST https://cloudresourcemanager.googleapis.com/v1/projects/meu-novo-emprego-c2388:testIamPermissions x-goog-quota-user=projects/meu-novo-emprego-c2388
[debug] [2024-12-22T15:02:35.188Z] >>> [apiv2][body] POST https://cloudresourcemanager.googleapis.com/v1/projects/meu-novo-emprego-c2388:testIamPermissions {"permissions":["firebase.projects.get","firebaseextensions.instances.list"]}
[debug] [2024-12-22T15:02:35.991Z] <<< [apiv2][status] POST https://cloudresourcemanager.googleapis.com/v1/projects/meu-novo-emprego-c2388:testIamPermissions 200
[debug] [2024-12-22T15:02:35.991Z] <<< [apiv2][body] POST https://cloudresourcemanager.googleapis.com/v1/projects/meu-novo-emprego-c2388:testIamPermissions {"permissions":["firebase.projects.get","firebaseextensions.instances.list"]}
[debug] [2024-12-22T15:02:35.992Z] Checked if tokens are valid: true, expires at: 1734882189567
[debug] [2024-12-22T15:02:35.992Z] Checked if tokens are valid: true, expires at: 1734882189567
[debug] [2024-12-22T15:02:35.992Z] >>> [apiv2][query] GET https://firebaseextensions.googleapis.com/v1beta/projects/meu-novo-emprego-c2388/instances pageSize=100&pageToken=
[debug] [2024-12-22T15:02:37.093Z] <<< [apiv2][status] GET https://firebaseextensions.googleapis.com/v1beta/projects/meu-novo-emprego-c2388/instances 200
[debug] [2024-12-22T15:02:37.093Z] <<< [apiv2][body] GET https://firebaseextensions.googleapis.com/v1beta/projects/meu-novo-emprego-c2388/instances {}
[info] i  functions: preparing functions directory for uploading... 
[info] i  functions: packaged /Users/paloma/Documents/teste_projeto/functions (75.46 KB) for uploading 
[debug] [2024-12-22T15:02:37.182Z] Checked if tokens are valid: true, expires at: 1734882189567
[debug] [2024-12-22T15:02:37.182Z] Checked if tokens are valid: true, expires at: 1734882189567
[debug] [2024-12-22T15:02:37.182Z] >>> [apiv2][query] GET https://cloudfunctions.googleapis.com/v1/projects/meu-novo-emprego-c2388/locations/-/functions [none]
[debug] [2024-12-22T15:02:38.221Z] <<< [apiv2][status] GET https://cloudfunctions.googleapis.com/v1/projects/meu-novo-emprego-c2388/locations/-/functions 200
[debug] [2024-12-22T15:02:38.221Z] <<< [apiv2][body] GET https://cloudfunctions.googleapis.com/v1/projects/meu-novo-emprego-c2388/locations/-/functions {}
[debug] [2024-12-22T15:02:38.222Z] Checked if tokens are valid: true, expires at: 1734882189567
[debug] [2024-12-22T15:02:38.222Z] Checked if tokens are valid: true, expires at: 1734882189567
[debug] [2024-12-22T15:02:38.222Z] >>> [apiv2][query] GET https://cloudfunctions.googleapis.com/v2/projects/meu-novo-emprego-c2388/locations/-/functions filter=environment%3D%22GEN_2%22
[debug] [2024-12-22T15:02:39.444Z] <<< [apiv2][status] GET https://cloudfunctions.googleapis.com/v2/projects/meu-novo-emprego-c2388/locations/-/functions 200
[debug] [2024-12-22T15:02:39.444Z] <<< [apiv2][body] GET https://cloudfunctions.googleapis.com/v2/projects/meu-novo-emprego-c2388/locations/-/functions {"functions":[{"name":"projects/meu-novo-emprego-c2388/locations/us-central1/functions/teste","buildConfig":{"build":"projects/540218137012/locations/us-central1/builds/e49375a0-1771-4322-a5ca-b6f6923ba975","runtime":"nodejs18","entryPoint":"teste","source":{"storageSource":{"bucket":"gcf-v2-sources-540218137012-us-central1","object":"teste/function-source.zip","generation":"1734878624139422"}},"environmentVariables":{"GOOGLE_NODE_RUN_SCRIPTS":""},"dockerRepository":"projects/meu-novo-emprego-c2388/locations/us-central1/repositories/gcf-artifacts","sourceProvenance":{"resolvedStorageSource":{"bucket":"gcf-v2-sources-540218137012-us-central1","object":"teste/function-source.zip","generation":"1734878624139422"}},"dockerRegistry":"ARTIFACT_REGISTRY","serviceAccount":"projects/meu-novo-emprego-c2388/serviceAccounts/540218137012-compute@developer.gserviceaccount.com","automaticUpdatePolicy":{}},"serviceConfig":{"service":"projects/meu-novo-emprego-c2388/locations/us-central1/services/teste","timeoutSeconds":540,"environmentVariables":{"FIREBASE_CONFIG":"{\"projectId\":\"meu-novo-emprego-c2388\",\"storageBucket\":\"meu-novo-emprego-c2388.firebasestorage.app\"}","GCLOUD_PROJECT":"meu-novo-emprego-c2388","EVENTARC_CLOUD_EVENT_SOURCE":"projects/meu-novo-emprego-c2388/locations/us-central1/services/teste","FUNCTION_TARGET":"teste","LOG_EXECUTION_ID":"true"},"maxInstanceCount":3,"ingressSettings":"ALLOW_ALL","uri":"https://teste-cc6yb5s7gq-uc.a.run.app","serviceAccountEmail":"540218137012-compute@developer.gserviceaccount.com","availableMemory":"1024Mi","allTrafficOnLatestRevision":true,"revision":"teste-00008-vul","maxInstanceRequestConcurrency":80,"availableCpu":"1"},"state":"ACTIVE","updateTime":"2024-12-22T14:44:37.369723462Z","labels":{"deployment-tool":"cli-firebase","firebase-functions-hash":"7782fb259c3af99295172a1a723e57b5626f236d"},"environment":"GEN_2","url":"https://us-central1-meu-novo-emprego-c2388.cloudfunctions.net/teste","createTime":"2024-12-21T15:05:50.843842728Z"}]}
[info] i  functions: ensuring required API cloudscheduler.googleapis.com is enabled... 
[debug] [2024-12-22T15:02:39.447Z] Checked if tokens are valid: true, expires at: 1734882189567
[debug] [2024-12-22T15:02:39.448Z] Checked if tokens are valid: true, expires at: 1734882189567
[debug] [2024-12-22T15:02:39.448Z] >>> [apiv2][query] GET https://serviceusage.googleapis.com/v1/projects/meu-novo-emprego-c2388/services/cloudscheduler.googleapis.com [none]
[debug] [2024-12-22T15:02:39.448Z] >>> [apiv2][(partial)header] GET https://serviceusage.googleapis.com/v1/projects/meu-novo-emprego-c2388/services/cloudscheduler.googleapis.com x-goog-quota-user=projects/meu-novo-emprego-c2388
[debug] [2024-12-22T15:02:39.788Z] <<< [apiv2][status] GET https://serviceusage.googleapis.com/v1/projects/meu-novo-emprego-c2388/services/cloudscheduler.googleapis.com 200
[debug] [2024-12-22T15:02:39.788Z] <<< [apiv2][body] GET https://serviceusage.googleapis.com/v1/projects/meu-novo-emprego-c2388/services/cloudscheduler.googleapis.com [omitted]
[info] ✔  functions: required API cloudscheduler.googleapis.com is enabled 
[info] i  functions: ensuring required API run.googleapis.com is enabled... 
[debug] [2024-12-22T15:02:39.789Z] Checked if tokens are valid: true, expires at: 1734882189567
[debug] [2024-12-22T15:02:39.789Z] Checked if tokens are valid: true, expires at: 1734882189567
[info] i  functions: ensuring required API eventarc.googleapis.com is enabled... 
[debug] [2024-12-22T15:02:39.789Z] Checked if tokens are valid: true, expires at: 1734882189567
[debug] [2024-12-22T15:02:39.789Z] Checked if tokens are valid: true, expires at: 1734882189567
[info] i  functions: ensuring required API pubsub.googleapis.com is enabled... 
[debug] [2024-12-22T15:02:39.789Z] Checked if tokens are valid: true, expires at: 1734882189567
[debug] [2024-12-22T15:02:39.789Z] Checked if tokens are valid: true, expires at: 1734882189567
[info] i  functions: ensuring required API storage.googleapis.com is enabled... 
[debug] [2024-12-22T15:02:39.789Z] Checked if tokens are valid: true, expires at: 1734882189567
[debug] [2024-12-22T15:02:39.789Z] Checked if tokens are valid: true, expires at: 1734882189567
[debug] [2024-12-22T15:02:39.789Z] >>> [apiv2][query] GET https://serviceusage.googleapis.com/v1/projects/meu-novo-emprego-c2388/services/run.googleapis.com [none]
[debug] [2024-12-22T15:02:39.789Z] >>> [apiv2][(partial)header] GET https://serviceusage.googleapis.com/v1/projects/meu-novo-emprego-c2388/services/run.googleapis.com x-goog-quota-user=projects/meu-novo-emprego-c2388
[debug] [2024-12-22T15:02:39.790Z] >>> [apiv2][query] GET https://serviceusage.googleapis.com/v1/projects/meu-novo-emprego-c2388/services/eventarc.googleapis.com [none]
[debug] [2024-12-22T15:02:39.790Z] >>> [apiv2][(partial)header] GET https://serviceusage.googleapis.com/v1/projects/meu-novo-emprego-c2388/services/eventarc.googleapis.com x-goog-quota-user=projects/meu-novo-emprego-c2388
[debug] [2024-12-22T15:02:39.792Z] >>> [apiv2][query] GET https://serviceusage.googleapis.com/v1/projects/meu-novo-emprego-c2388/services/pubsub.googleapis.com [none]
[debug] [2024-12-22T15:02:39.792Z] >>> [apiv2][(partial)header] GET https://serviceusage.googleapis.com/v1/projects/meu-novo-emprego-c2388/services/pubsub.googleapis.com x-goog-quota-user=projects/meu-novo-emprego-c2388
[debug] [2024-12-22T15:02:39.795Z] >>> [apiv2][query] GET https://serviceusage.googleapis.com/v1/projects/meu-novo-emprego-c2388/services/storage.googleapis.com [none]
[debug] [2024-12-22T15:02:39.795Z] >>> [apiv2][(partial)header] GET https://serviceusage.googleapis.com/v1/projects/meu-novo-emprego-c2388/services/storage.googleapis.com x-goog-quota-user=projects/meu-novo-emprego-c2388
[debug] [2024-12-22T15:02:40.363Z] <<< [apiv2][status] GET https://serviceusage.googleapis.com/v1/projects/meu-novo-emprego-c2388/services/run.googleapis.com 200
[debug] [2024-12-22T15:02:40.363Z] <<< [apiv2][body] GET https://serviceusage.googleapis.com/v1/projects/meu-novo-emprego-c2388/services/run.googleapis.com [omitted]
[info] ✔  functions: required API run.googleapis.com is enabled 
[debug] [2024-12-22T15:02:40.798Z] <<< [apiv2][status] GET https://serviceusage.googleapis.com/v1/projects/meu-novo-emprego-c2388/services/eventarc.googleapis.com 200
[debug] [2024-12-22T15:02:40.798Z] <<< [apiv2][body] GET https://serviceusage.googleapis.com/v1/projects/meu-novo-emprego-c2388/services/eventarc.googleapis.com [omitted]
[info] ✔  functions: required API eventarc.googleapis.com is enabled 
[debug] [2024-12-22T15:02:40.804Z] <<< [apiv2][status] GET https://serviceusage.googleapis.com/v1/projects/meu-novo-emprego-c2388/services/pubsub.googleapis.com 200
[debug] [2024-12-22T15:02:40.804Z] <<< [apiv2][body] GET https://serviceusage.googleapis.com/v1/projects/meu-novo-emprego-c2388/services/pubsub.googleapis.com [omitted]
[info] ✔  functions: required API pubsub.googleapis.com is enabled 
[debug] [2024-12-22T15:02:40.805Z] <<< [apiv2][status] GET https://serviceusage.googleapis.com/v1/projects/meu-novo-emprego-c2388/services/storage.googleapis.com 200
[debug] [2024-12-22T15:02:40.805Z] <<< [apiv2][body] GET https://serviceusage.googleapis.com/v1/projects/meu-novo-emprego-c2388/services/storage.googleapis.com [omitted]
[info] ✔  functions: required API storage.googleapis.com is enabled 
[info] i  functions: generating the service identity for pubsub.googleapis.com... 
[debug] [2024-12-22T15:02:40.806Z] Checked if tokens are valid: true, expires at: 1734882189567
[debug] [2024-12-22T15:02:40.806Z] Checked if tokens are valid: true, expires at: 1734882189567
[info] i  functions: generating the service identity for eventarc.googleapis.com... 
[debug] [2024-12-22T15:02:40.806Z] Checked if tokens are valid: true, expires at: 1734882189567
[debug] [2024-12-22T15:02:40.806Z] Checked if tokens are valid: true, expires at: 1734882189567
[debug] [2024-12-22T15:02:40.806Z] >>> [apiv2][query] POST https://serviceusage.googleapis.com/v1beta1/projects/540218137012/services/pubsub.googleapis.com:generateServiceIdentity [none]
[debug] [2024-12-22T15:02:40.806Z] >>> [apiv2][query] POST https://serviceusage.googleapis.com/v1beta1/projects/540218137012/services/eventarc.googleapis.com:generateServiceIdentity [none]
[debug] [2024-12-22T15:02:41.132Z] <<< [apiv2][status] POST https://serviceusage.googleapis.com/v1beta1/projects/540218137012/services/pubsub.googleapis.com:generateServiceIdentity 200
[debug] [2024-12-22T15:02:41.132Z] <<< [apiv2][body] POST https://serviceusage.googleapis.com/v1beta1/projects/540218137012/services/pubsub.googleapis.com:generateServiceIdentity {"name":"operations/finished.DONE_OPERATION","done":true,"response":{"@type":"type.googleapis.com/google.api.serviceusage.v1beta1.ServiceIdentity","email":"service-540218137012@gcp-sa-pubsub.iam.gserviceaccount.com","uniqueId":"107953555343861418313"}}
[debug] [2024-12-22T15:02:41.184Z] <<< [apiv2][status] POST https://serviceusage.googleapis.com/v1beta1/projects/540218137012/services/eventarc.googleapis.com:generateServiceIdentity 200
[debug] [2024-12-22T15:02:41.185Z] <<< [apiv2][body] POST https://serviceusage.googleapis.com/v1beta1/projects/540218137012/services/eventarc.googleapis.com:generateServiceIdentity {"name":"operations/finished.DONE_OPERATION","done":true,"response":{"@type":"type.googleapis.com/google.api.serviceusage.v1beta1.ServiceIdentity","email":"service-540218137012@gcp-sa-eventarc.iam.gserviceaccount.com","uniqueId":"110721755279209963978"}}
[debug] [2024-12-22T15:02:41.187Z] Checked if tokens are valid: true, expires at: 1734882189567
[debug] [2024-12-22T15:02:41.187Z] Checked if tokens are valid: true, expires at: 1734882189567
[debug] [2024-12-22T15:02:41.188Z] >>> [apiv2][query] GET https://cloudresourcemanager.googleapis.com/v1/projects/meu-novo-emprego-c2388 [none]
[debug] [2024-12-22T15:02:42.054Z] <<< [apiv2][status] GET https://cloudresourcemanager.googleapis.com/v1/projects/meu-novo-emprego-c2388 200
[debug] [2024-12-22T15:02:42.054Z] <<< [apiv2][body] GET https://cloudresourcemanager.googleapis.com/v1/projects/meu-novo-emprego-c2388 {"projectNumber":"540218137012","projectId":"meu-novo-emprego-c2388","lifecycleState":"ACTIVE","name":"meu novo emprego","labels":{"firebase":"enabled","firebase-core":"disabled"},"createTime":"2024-12-09T14:30:28.236226Z"}
[debug] [2024-12-22T15:02:42.056Z] Checked if tokens are valid: true, expires at: 1734882189567
[debug] [2024-12-22T15:02:42.056Z] Checked if tokens are valid: true, expires at: 1734882189567
[debug] [2024-12-22T15:02:42.056Z] >>> [apiv2][query] GET https://cloudbilling.googleapis.com/v1/projects/meu-novo-emprego-c2388/billingInfo [none]
[debug] [2024-12-22T15:02:43.132Z] <<< [apiv2][status] GET https://cloudbilling.googleapis.com/v1/projects/meu-novo-emprego-c2388/billingInfo 200
[debug] [2024-12-22T15:02:43.132Z] <<< [apiv2][body] GET https://cloudbilling.googleapis.com/v1/projects/meu-novo-emprego-c2388/billingInfo {"name":"projects/meu-novo-emprego-c2388/billingInfo","projectId":"meu-novo-emprego-c2388","billingAccountName":"billingAccounts/012CB6-E019B7-A50FF8","billingEnabled":true}
[debug] [2024-12-22T15:02:43.134Z] Checked if tokens are valid: true, expires at: 1734882189567
[debug] [2024-12-22T15:02:43.134Z] Checked if tokens are valid: true, expires at: 1734882189567
[debug] [2024-12-22T15:02:43.134Z] >>> [apiv2][query] POST https://cloudfunctions.googleapis.com/v2/projects/meu-novo-emprego-c2388/locations/us-central1/functions:generateUploadUrl [none]
[debug] [2024-12-22T15:02:44.054Z] <<< [apiv2][status] POST https://cloudfunctions.googleapis.com/v2/projects/meu-novo-emprego-c2388/locations/us-central1/functions:generateUploadUrl 200
[debug] [2024-12-22T15:02:44.054Z] <<< [apiv2][body] POST https://cloudfunctions.googleapis.com/v2/projects/meu-novo-emprego-c2388/locations/us-central1/functions:generateUploadUrl {"uploadUrl":"https://storage.googleapis.com/gcf-v2-uploads-540218137012.us-central1.cloudfunctions.appspot.com/6d806897-f8a2-400f-8e47-be74cef23c96.zip?GoogleAccessId=service-540218137012@gcf-admin-robot.iam.gserviceaccount.com&Expires=1734881564&Signature=Zj3Zm%2BmyMQwH0f1jwQiBzKWBoIL8R4pVkbB%2BPUjtpg4k4ofuvQA7G89pt7v5z41GlvPuCK7%2FvrVvpVN7fS00jYQWLxkJyHzBiPcWWufmdExqTgOp8D1s9ayep93hcC0%2ByjYeFmN2vx816uwHAkMlqTuj6aeQOOItdQQHFiMeVYYiMPvH89zxPapIsw7h%2FfWO4gg1wRfYufwnouyHLrDXHtmSAvMMb51ThbtNU5mtiXsVZ0GSMo9AxvFqA86f6wtuKT2Q0Cu%2FUR%2FUjeYbqfeWEdF0QfogAb0S7OXH39HlceOp0JijrrufvrsS9Yd3OiFR45%2BouY8zZgCQL%2FVip8utlw%3D%3D","storageSource":{"bucket":"gcf-v2-uploads-540218137012.us-central1.cloudfunctions.appspot.com","object":"6d806897-f8a2-400f-8e47-be74cef23c96.zip"}}
[debug] [2024-12-22T15:02:44.055Z] >>> [apiv2][query] PUT https://storage.googleapis.com/gcf-v2-uploads-540218137012.us-central1.cloudfunctions.appspot.com/6d806897-f8a2-400f-8e47-be74cef23c96.zip GoogleAccessId=service-540218137012%40gcf-admin-robot.iam.gserviceaccount.com&Expires=1734881564&Signature=Zj3Zm%2BmyMQwH0f1jwQiBzKWBoIL8R4pVkbB%2BPUjtpg4k4ofuvQA7G89pt7v5z41GlvPuCK7%2FvrVvpVN7fS00jYQWLxkJyHzBiPcWWufmdExqTgOp8D1s9ayep93hcC0%2ByjYeFmN2vx816uwHAkMlqTuj6aeQOOItdQQHFiMeVYYiMPvH89zxPapIsw7h%2FfWO4gg1wRfYufwnouyHLrDXHtmSAvMMb51ThbtNU5mtiXsVZ0GSMo9AxvFqA86f6wtuKT2Q0Cu%2FUR%2FUjeYbqfeWEdF0QfogAb0S7OXH39HlceOp0JijrrufvrsS9Yd3OiFR45%2BouY8zZgCQL%2FVip8utlw%3D%3D
[debug] [2024-12-22T15:02:44.055Z] >>> [apiv2][body] PUT https://storage.googleapis.com/gcf-v2-uploads-540218137012.us-central1.cloudfunctions.appspot.com/6d806897-f8a2-400f-8e47-be74cef23c96.zip [stream]
[debug] [2024-12-22T15:02:45.458Z] <<< [apiv2][status] PUT https://storage.googleapis.com/gcf-v2-uploads-540218137012.us-central1.cloudfunctions.appspot.com/6d806897-f8a2-400f-8e47-be74cef23c96.zip 200
[debug] [2024-12-22T15:02:45.458Z] <<< [apiv2][body] PUT https://storage.googleapis.com/gcf-v2-uploads-540218137012.us-central1.cloudfunctions.appspot.com/6d806897-f8a2-400f-8e47-be74cef23c96.zip [omitted]
[info] ✔  functions: functions folder uploaded successfully 
[info] 
The following functions are found in your project but do not exist in your local source code:
	teste(us-central1)

If you are renaming a function or changing its region, it is recommended that you create the new function first before deleting the old one to prevent event loss. For more info, visit https://firebase.google.com/docs/functions/manage-functions#modify

